<?xml version="1.0" encoding="UTF-8"?>
<!-- Generated by org.testng.reporters.JUnitXMLReporter -->
<testsuite ignored="1" hostname="QSP" failures="0" tests="4" name="Default test" time="0.136" errors="0" timestamp="2022-03-09T07:50:52 IST">
  <testcase classname="testng.Test1" name="chats" time="0.038"/>
  <testcase classname="testng.Test1" name="settings" time="0.006"/>
  <testcase classname="testng.Test1" name="settings" time="0.007"/>
  <testcase classname="testng.Test1" name="settings" time="0.005"/>
  <testcase classname="testng.Test1" name="calls" time="0.0">
    <ignored/>
  </testcase> <!-- calls -->
</testsuite> <!-- Default test -->
