<?xml version="1.0" encoding="UTF-8"?>
<testng-results ignored="0" total="3" passed="3" failed="0" skipped="0">
  <reporter-output>
    <line>
      <![CDATA[Facebook – log in or sign up]]>
    </line>
    <line>
      <![CDATA[Facebook – log in or sign up]]>
    </line>
    <line>
      <![CDATA[https://www.facebook.com/login/?privacy_mutation_token=eyJ0eXBlIjowLCJjcmVhdGlvbl90aW1lIjoxNjQ2ODc4NjQ5LCJjYWxsc2l0ZV9pZCI6MzgxMjI5MDc5NTc1OTQ2fQ%3D%3D]]>
    </line>
    <line>
      <![CDATA[https://www.facebook.com/login/?privacy_mutation_token=eyJ0eXBlIjowLCJjcmVhdGlvbl90aW1lIjoxNjQ2ODc4NjQ5LCJjYWxsc2l0ZV9pZCI6MzgxMjI5MDc5NTc1OTQ2fQ%3D%3D]]>
    </line>
    <line>
      <![CDATA[Facebook – log in or sign up]]>
    </line>
    <line>
      <![CDATA[https://www.facebook.com/]]>
    </line>
  </reporter-output>
  <suite started-at="2022-03-10T07:47:21 IST" name="Suite" finished-at="2022-03-10T07:48:26 IST" duration-ms="65354">
    <groups>
    </groups>
    <test started-at="2022-03-10T07:47:21 IST" name="Test1" finished-at="2022-03-10T07:47:43 IST" duration-ms="21636">
      <class name="testng.Parallel">
        <test-method signature="demo(java.lang.String)[pri:0, instance:testng.Parallel@2b4bac49]" started-at="2022-03-10T07:47:21 IST" name="demo" finished-at="2022-03-10T07:47:43 IST" duration-ms="21495" status="PASS">
          <params>
            <param index="0">
              <value>
                <![CDATA[chrome]]>
              </value>
            </param>
          </params>
          <reporter-output>
            <line>
              <![CDATA[Facebook – log in or sign up]]>
            </line>
            <line>
              <![CDATA[https://www.facebook.com/login/?privacy_mutation_token=eyJ0eXBlIjowLCJjcmVhdGlvbl90aW1lIjoxNjQ2ODc4NjQ5LCJjYWxsc2l0ZV9pZCI6MzgxMjI5MDc5NTc1OTQ2fQ%3D%3D]]>
            </line>
          </reporter-output>
        </test-method> <!-- demo -->
      </class> <!-- testng.Parallel -->
    </test> <!-- Test1 -->
    <test started-at="2022-03-10T07:47:21 IST" name="Test3" finished-at="2022-03-10T07:47:43 IST" duration-ms="21848">
      <class name="testng.Parallel">
        <test-method signature="demo(java.lang.String)[pri:0, instance:testng.Parallel@78ffe6dc]" started-at="2022-03-10T07:47:21 IST" name="demo" finished-at="2022-03-10T07:47:43 IST" duration-ms="21732" status="PASS">
          <params>
            <param index="0">
              <value>
                <![CDATA[chrome]]>
              </value>
            </param>
          </params>
          <reporter-output>
            <line>
              <![CDATA[Facebook – log in or sign up]]>
            </line>
            <line>
              <![CDATA[https://www.facebook.com/login/?privacy_mutation_token=eyJ0eXBlIjowLCJjcmVhdGlvbl90aW1lIjoxNjQ2ODc4NjQ5LCJjYWxsc2l0ZV9pZCI6MzgxMjI5MDc5NTc1OTQ2fQ%3D%3D]]>
            </line>
          </reporter-output>
        </test-method> <!-- demo -->
      </class> <!-- testng.Parallel -->
    </test> <!-- Test3 -->
    <test started-at="2022-03-10T07:47:21 IST" name="Test2" finished-at="2022-03-10T07:48:26 IST" duration-ms="65354">
      <class name="testng.Parallel">
        <test-method signature="demo(java.lang.String)[pri:0, instance:testng.Parallel@41c2284a]" started-at="2022-03-10T07:47:21 IST" name="demo" finished-at="2022-03-10T07:48:26 IST" duration-ms="65229" status="PASS">
          <params>
            <param index="0">
              <value>
                <![CDATA[firefox]]>
              </value>
            </param>
          </params>
          <reporter-output>
            <line>
              <![CDATA[Facebook – log in or sign up]]>
            </line>
            <line>
              <![CDATA[https://www.facebook.com/]]>
            </line>
          </reporter-output>
        </test-method> <!-- demo -->
      </class> <!-- testng.Parallel -->
    </test> <!-- Test2 -->
  </suite> <!-- Suite -->
</testng-results>
