<?xml version="1.0" encoding="UTF-8"?>
<testng-results ignored="1" total="5" passed="4" failed="0" skipped="0">
  <reporter-output>
    <line>
      <![CDATA[chats]]>
    </line>
    <line>
      <![CDATA[settings]]>
    </line>
    <line>
      <![CDATA[settings]]>
    </line>
    <line>
      <![CDATA[settings]]>
    </line>
  </reporter-output>
  <suite started-at="2022-03-09T07:50:52 IST" name="Default suite" finished-at="2022-03-09T07:50:52 IST" duration-ms="136">
    <groups>
    </groups>
    <test started-at="2022-03-09T07:50:52 IST" name="Default test" finished-at="2022-03-09T07:50:52 IST" duration-ms="136">
      <class name="testng.Test1">
        <test-method signature="chats()[pri:-1, instance:testng.Test1@394a2528]" started-at="2022-03-09T07:50:52 IST" name="chats" finished-at="2022-03-09T07:50:52 IST" duration-ms="38" status="PASS">
          <reporter-output>
            <line>
              <![CDATA[chats]]>
            </line>
          </reporter-output>
        </test-method> <!-- chats -->
        <test-method signature="settings()[pri:-1, instance:testng.Test1@394a2528]" started-at="2022-03-09T07:50:52 IST" name="settings" finished-at="2022-03-09T07:50:52 IST" duration-ms="6" status="PASS">
          <reporter-output>
            <line>
              <![CDATA[settings]]>
            </line>
          </reporter-output>
        </test-method> <!-- settings -->
        <test-method signature="settings()[pri:-1, instance:testng.Test1@394a2528]" started-at="2022-03-09T07:50:52 IST" name="settings" finished-at="2022-03-09T07:50:52 IST" duration-ms="7" status="PASS">
          <reporter-output>
            <line>
              <![CDATA[settings]]>
            </line>
          </reporter-output>
        </test-method> <!-- settings -->
        <test-method signature="settings()[pri:-1, instance:testng.Test1@394a2528]" started-at="2022-03-09T07:50:52 IST" name="settings" finished-at="2022-03-09T07:50:52 IST" duration-ms="5" status="PASS">
          <reporter-output>
            <line>
              <![CDATA[settings]]>
            </line>
          </reporter-output>
        </test-method> <!-- settings -->
      </class> <!-- testng.Test1 -->
    </test> <!-- Default test -->
  </suite> <!-- Default suite -->
</testng-results>
